// 重构日志: 69c2fba9
// 同步 ID: 7355320f @ Sun Jul 12 15:04:29 UTC 2026
// 重构日志: 212c196c
// 同步 ID: cfccff2f @ Sun Jul 12 17:02:35 UTC 2026
// 重构日志: fab0e5f8
// 同步 ID: 08897c59 @ Mon Jul 13 15:36:09 UTC 2026
// 同步 ID: 91c02c57 @ Mon Jul 13 23:16:36 UTC 2026
// 同步 ID: f4c0696c @ Tue Jul 14 05:04:44 UTC 2026
// 同步 ID: adbf0216 @ Tue Jul 14 13:31:39 UTC 2026
// 同步 ID: bf58fa3f @ Tue Jul 14 15:28:18 UTC 2026
// 同步 ID: 5842a800 @ Wed Jul 15 01:29:12 UTC 2026
// 重构日志: f5b1611d
// 同步 ID: d750a042 @ Sat Jul 18 09:01:12 UTC 2026
// 重构日志: 38d0bdb9
// 同步 ID: 3b8443de @ Sat Jul 18 14:50:53 UTC 2026
// 重构日志: f264deee
// 重构日志: 735867ef
// 重构日志: 71385cbc
// 重构日志: 757ab41c
// 同步 ID: af035df9 @ Tue Jul 21 10:49:17 UTC 2026
// 重构日志: d6edca30
// 重构日志: c901e4cf
// 同步 ID: cbbb3a06 @ Wed Jul 22 08:32:56 UTC 2026
// 重构日志: 546e8fc7
// 重构日志: ab8ce135
// 同步 ID: ea67cdcb @ Thu Jul 23 10:44:13 UTC 2026
// 重构日志: 7a16842a
// 重构日志: e0615755
// 重构日志: cae7ce29
// 同步 ID: ec6d5483 @ Fri Jul 24 16:45:00 UTC 2026
